  stdafx.cpp
  apriltag_quad_thresh.cpp
  aruco.cpp
  charuco.cpp
  dictionary.cpp
  zmaxheap.cpp
zmaxheap.obj : warning LNK4006: "public: __cdecl cv::String::~String(void)" (??1String@cv@@QEAA@XZ) єцх юяЁхфхыхэ т opencv_world330.lib(opencv_world330.dll); тЄюЁюх юяЁхфхыхэшх яЁюяє∙хэю
zmaxheap.obj : warning LNK4006: "public: __cdecl cv::String::String(char const *)" (??0String@cv@@QEAA@PEBD@Z) єцх юяЁхфхыхэ т opencv_world330.lib(opencv_world330.dll); тЄюЁюх юяЁхфхыхэшх яЁюяє∙хэю
dictionary.obj : warning LNK4006: "public: __cdecl cv::MatExpr::~MatExpr(void)" (??1MatExpr@cv@@QEAA@XZ) єцх юяЁхфхыхэ т opencv_world330.lib(opencv_world330.dll); тЄюЁюх юяЁхфхыхэшх яЁюяє∙хэю
dictionary.obj : warning LNK4006: "public: unsigned int __cdecl cv::RNG::next(void)" (?next@RNG@cv@@QEAAIXZ) єцх юяЁхфхыхэ т opencv_world330.lib(opencv_world330.dll); тЄюЁюх юяЁхфхыхэшх яЁюяє∙хэю
dictionary.obj : warning LNK4006: "public: int __cdecl cv::RNG::uniform(int,int)" (?uniform@RNG@cv@@QEAAHHH@Z) єцх юяЁхфхыхэ т opencv_world330.lib(opencv_world330.dll); тЄюЁюх юяЁхфхыхэшх яЁюяє∙хэю
dictionary.obj : warning LNK4006: "public: __cdecl cv::RNG::RNG(unsigned __int64)" (??0RNG@cv@@QEAA@_K@Z) єцх юяЁхфхыхэ т opencv_world330.lib(opencv_world330.dll); тЄюЁюх юяЁхфхыхэшх яЁюяє∙хэю
dictionary.obj : warning LNK4006: "public: __cdecl cv::MatExpr::operator class cv::Mat(void)const " (??BMatExpr@cv@@QEBA?AVMat@1@XZ) єцх юяЁхфхыхэ т opencv_world330.lib(opencv_world330.dll); тЄюЁюх юяЁхфхыхэшх яЁюяє∙хэю
dictionary.obj : warning LNK4006: "public: unsigned __int64 & __cdecl cv::MatStep::operator[](int)" (??AMatStep@cv@@QEAAAEA_KH@Z) єцх юяЁхфхыхэ т opencv_world330.lib(opencv_world330.dll); тЄюЁюх юяЁхфхыхэшх яЁюяє∙хэю
dictionary.obj : warning LNK4006: "public: unsigned __int64 const & __cdecl cv::MatStep::operator[](int)const " (??AMatStep@cv@@QEBAAEB_KH@Z) єцх юяЁхфхыхэ т opencv_world330.lib(opencv_world330.dll); тЄюЁюх юяЁхфхыхэшх яЁюяє∙хэю
dictionary.obj : warning LNK4006: "public: __cdecl cv::MatStep::MatStep(unsigned __int64)" (??0MatStep@cv@@QEAA@_K@Z) єцх юяЁхфхыхэ т opencv_world330.lib(opencv_world330.dll); тЄюЁюх юяЁхфхыхэшх яЁюяє∙хэю
dictionary.obj : warning LNK4006: "public: __cdecl cv::MatStep::MatStep(void)" (??0MatStep@cv@@QEAA@XZ) єцх юяЁхфхыхэ т opencv_world330.lib(opencv_world330.dll); тЄюЁюх юяЁхфхыхэшх яЁюяє∙хэю
dictionary.obj : warning LNK4006: "public: int const & __cdecl cv::MatSize::operator[](int)const " (??AMatSize@cv@@QEBAAEBHH@Z) єцх юяЁхфхыхэ т opencv_world330.lib(opencv_world330.dll); тЄюЁюх юяЁхфхыхэшх яЁюяє∙хэю
dictionary.obj : warning LNK4006: "public: class cv::Size_<int> __cdecl cv::MatSize::operator()(void)const " (??RMatSize@cv@@QEBA?AV?$Size_@H@1@XZ) єцх юяЁхфхыхэ т opencv_world330.lib(opencv_world330.dll); тЄюЁюх юяЁхфхыхэшх яЁюяє∙хэю
dictionary.obj : warning LNK4006: "public: __cdecl cv::MatSize::MatSize(int *)" (??0MatSize@cv@@QEAA@PEAH@Z) єцх юяЁхфхыхэ т opencv_world330.lib(opencv_world330.dll); тЄюЁюх юяЁхфхыхэшх яЁюяє∙хэю
dictionary.obj : warning LNK4006: "public: class cv::Mat & __cdecl cv::Mat::operator=(class cv::Mat &&)" (??4Mat@cv@@QEAAAEAV01@$$QEAV01@@Z) єцх юяЁхфхыхэ т opencv_world330.lib(opencv_world330.dll); тЄюЁюх юяЁхфхыхэшх яЁюяє∙хэю
dictionary.obj : warning LNK4006: "public: __cdecl cv::Mat::Mat(class cv::Mat &&)" (??0Mat@cv@@QEAA@$$QEAV01@@Z) єцх юяЁхфхыхэ т opencv_world330.lib(opencv_world330.dll); тЄюЁюх юяЁхфхыхэшх яЁюяє∙хэю
dictionary.obj : warning LNK4006: "public: unsigned char const * __cdecl cv::Mat::ptr(int)const " (?ptr@Mat@cv@@QEBAPEBEH@Z) єцх юяЁхфхыхэ т opencv_world330.lib(opencv_world330.dll); тЄюЁюх юяЁхфхыхэшх яЁюяє∙хэю
dictionary.obj : warning LNK4006: "public: unsigned char * __cdecl cv::Mat::ptr(int)" (?ptr@Mat@cv@@QEAAPEAEH@Z) єцх юяЁхфхыхэ т opencv_world330.lib(opencv_world330.dll); тЄюЁюх юяЁхфхыхэшх яЁюяє∙хэю
dictionary.obj : warning LNK4006: "public: unsigned __int64 __cdecl cv::Mat::total(void)const " (?total@Mat@cv@@QEBA_KXZ) єцх юяЁхфхыхэ т opencv_world330.lib(opencv_world330.dll); тЄюЁюх юяЁхфхыхэшх яЁюяє∙хэю
dictionary.obj : warning LNK4006: "public: int __cdecl cv::Mat::type(void)const " (?type@Mat@cv@@QEBAHXZ) єцх юяЁхфхыхэ т opencv_world330.lib(opencv_world330.dll); тЄюЁюх юяЁхфхыхэшх яЁюяє∙хэю
dictionary.obj : warning LNK4006: "public: void __cdecl cv::Mat::release(void)" (?release@Mat@cv@@QEAAXXZ) єцх юяЁхфхыхэ т opencv_world330.lib(opencv_world330.dll); тЄюЁюх юяЁхфхыхэшх яЁюяє∙хэю
dictionary.obj : warning LNK4006: "public: void __cdecl cv::Mat::create(int,int,int)" (?create@Mat@cv@@QEAAXHHH@Z) єцх юяЁхфхыхэ т opencv_world330.lib(opencv_world330.dll); тЄюЁюх юяЁхфхыхэшх яЁюяє∙хэю
dictionary.obj : warning LNK4006: "public: class cv::Mat __cdecl cv::Mat::clone(void)const " (?clone@Mat@cv@@QEBA?AV12@XZ) єцх юяЁхфхыхэ т opencv_world330.lib(opencv_world330.dll); тЄюЁюх юяЁхфхыхэшх яЁюяє∙хэю
dictionary.obj : warning LNK4006: "public: class cv::Mat __cdecl cv::Mat::colRange(int,int)const " (?colRange@Mat@cv@@QEBA?AV12@HH@Z) єцх юяЁхфхыхэ т opencv_world330.lib(opencv_world330.dll); тЄюЁюх юяЁхфхыхэшх яЁюяє∙хэю
dictionary.obj : warning LNK4006: "public: class cv::Mat __cdecl cv::Mat::rowRange(int,int)const " (?rowRange@Mat@cv@@QEBA?AV12@HH@Z) єцх юяЁхфхыхэ т opencv_world330.lib(opencv_world330.dll); тЄюЁюх юяЁхфхыхэшх яЁюяє∙хэю
dictionary.obj : warning LNK4006: "public: class cv::Mat & __cdecl cv::Mat::operator=(class cv::Mat const &)" (??4Mat@cv@@QEAAAEAV01@AEBV01@@Z) єцх юяЁхфхыхэ т opencv_world330.lib(opencv_world330.dll); тЄюЁюх юяЁхфхыхэшх яЁюяє∙хэю
dictionary.obj : warning LNK4006: "public: __cdecl cv::Mat::~Mat(void)" (??1Mat@cv@@QEAA@XZ) єцх юяЁхфхыхэ т opencv_world330.lib(opencv_world330.dll); тЄюЁюх юяЁхфхыхэшх яЁюяє∙хэю
dictionary.obj : warning LNK4006: "public: __cdecl cv::Mat::Mat(int,int,int,void *,unsigned __int64)" (??0Mat@cv@@QEAA@HHHPEAX_K@Z) єцх юяЁхфхыхэ т opencv_world330.lib(opencv_world330.dll); тЄюЁюх юяЁхфхыхэшх яЁюяє∙хэю
dictionary.obj : warning LNK4006: "public: __cdecl cv::Mat::Mat(class cv::Mat const &)" (??0Mat@cv@@QEAA@AEBV01@@Z) єцх юяЁхфхыхэ т opencv_world330.lib(opencv_world330.dll); тЄюЁюх юяЁхфхыхэшх яЁюяє∙хэю
dictionary.obj : warning LNK4006: "public: __cdecl cv::Mat::Mat(int,int,int,class cv::Scalar_<double> const &)" (??0Mat@cv@@QEAA@HHHAEBV?$Scalar_@N@1@@Z) єцх юяЁхфхыхэ т opencv_world330.lib(opencv_world330.dll); тЄюЁюх юяЁхфхыхэшх яЁюяє∙хэю
dictionary.obj : warning LNK4006: "public: __cdecl cv::Mat::Mat(void)" (??0Mat@cv@@QEAA@XZ) єцх юяЁхфхыхэ т opencv_world330.lib(opencv_world330.dll); тЄюЁюх юяЁхфхыхэшх яЁюяє∙хэю
dictionary.obj : warning LNK4006: "public: __cdecl cv::_OutputArray::~_OutputArray(void)" (??1_OutputArray@cv@@QEAA@XZ) єцх юяЁхфхыхэ т opencv_world330.lib(opencv_world330.dll); тЄюЁюх юяЁхфхыхэшх яЁюяє∙хэю
dictionary.obj : warning LNK4006: "public: __cdecl cv::_OutputArray::_OutputArray(class cv::Mat const &)" (??0_OutputArray@cv@@QEAA@AEBVMat@1@@Z) єцх юяЁхфхыхэ т opencv_world330.lib(opencv_world330.dll); тЄюЁюх юяЁхфхыхэшх яЁюяє∙хэю
dictionary.obj : warning LNK4006: "public: __cdecl cv::_OutputArray::_OutputArray(class cv::Mat &)" (??0_OutputArray@cv@@QEAA@AEAVMat@1@@Z) єцх юяЁхфхыхэ т opencv_world330.lib(opencv_world330.dll); тЄюЁюх юяЁхфхыхэшх яЁюяє∙хэю
dictionary.obj : warning LNK4006: "public: class cv::Mat __cdecl cv::_InputArray::getMat(int)const " (?getMat@_InputArray@cv@@QEBA?AVMat@2@H@Z) єцх юяЁхфхыхэ т opencv_world330.lib(opencv_world330.dll); тЄюЁюх юяЁхфхыхэшх яЁюяє∙хэю
dictionary.obj : warning LNK4006: "public: __cdecl cv::_InputArray::~_InputArray(void)" (??1_InputArray@cv@@QEAA@XZ) єцх юяЁхфхыхэ т opencv_world330.lib(opencv_world330.dll); тЄюЁюх юяЁхфхыхэшх яЁюяє∙хэю
dictionary.obj : warning LNK4006: "public: __cdecl cv::_InputArray::_InputArray(class cv::Mat const &)" (??0_InputArray@cv@@QEAA@AEBVMat@1@@Z) єцх юяЁхфхыхэ т opencv_world330.lib(opencv_world330.dll); тЄюЁюх юяЁхфхыхэшх яЁюяє∙хэю
dictionary.obj : warning LNK4006: "public: __cdecl cv::_InputArray::_InputArray(void)" (??0_InputArray@cv@@QEAA@XZ) єцх юяЁхфхыхэ т opencv_world330.lib(opencv_world330.dll); тЄюЁюх юяЁхфхыхэшх яЁюяє∙хэю
dictionary.obj : warning LNK4006: "protected: void __cdecl cv::_InputArray::init(int,void const *)" (?init@_InputArray@cv@@IEAAXHPEBX@Z) єцх юяЁхфхыхэ т opencv_world330.lib(opencv_world330.dll); тЄюЁюх юяЁхфхыхэшх яЁюяє∙хэю
dictionary.obj : warning LNK4006: "public: static class cv::Range __cdecl cv::Range::all(void)" (?all@Range@cv@@SA?AV12@XZ) єцх юяЁхфхыхэ т opencv_world330.lib(opencv_world330.dll); тЄюЁюх юяЁхфхыхэшх яЁюяє∙хэю
dictionary.obj : warning LNK4006: "public: __cdecl cv::Range::Range(int,int)" (??0Range@cv@@QEAA@HH@Z) єцх юяЁхфхыхэ т opencv_world330.lib(opencv_world330.dll); тЄюЁюх юяЁхфхыхэшх яЁюяє∙хэю
dictionary.obj : warning LNK4006: "public: __cdecl cv::String::~String(void)" (??1String@cv@@QEAA@XZ) єцх юяЁхфхыхэ т opencv_world330.lib(opencv_world330.dll); тЄюЁюх юяЁхфхыхэшх яЁюяє∙хэю
dictionary.obj : warning LNK4006: "public: __cdecl cv::String::String(char const *)" (??0String@cv@@QEAA@PEBD@Z) єцх юяЁхфхыхэ т opencv_world330.lib(opencv_world330.dll); тЄюЁюх юяЁхфхыхэшх яЁюяє∙хэю
charuco.obj : warning LNK4006: "public: __cdecl cv::_InputOutputArray::~_InputOutputArray(void)" (??1_InputOutputArray@cv@@QEAA@XZ) єцх юяЁхфхыхэ т opencv_world330.lib(opencv_world330.dll); тЄюЁюх юяЁхфхыхэшх яЁюяє∙хэю
charuco.obj : warning LNK4006: "public: __cdecl cv::ParallelLoopBody::ParallelLoopBody(void)" (??0ParallelLoopBody@cv@@QEAA@XZ) єцх юяЁхфхыхэ т opencv_world330.lib(opencv_world330.dll); тЄюЁюх юяЁхфхыхэшх яЁюяє∙хэю
charuco.obj : warning LNK4006: "public: __cdecl cv::String::String(class std::basic_string<char,struct std::char_traits<char>,class std::allocator<char> > const &)" (??0String@cv@@QEAA@AEBV?$basic_string@DU?$char_traits@D@std@@V?$allocator@D@2@@std@@@Z) єцх юяЁхфхыхэ т opencv_world330.lib(opencv_world330.dll); тЄюЁюх юяЁхфхыхэшх яЁюяє∙хэю
charuco.obj : warning LNK4006: "public: unsigned __int64 & __cdecl cv::MatStep::operator[](int)" (??AMatStep@cv@@QEAAAEA_KH@Z) єцх юяЁхфхыхэ т opencv_world330.lib(opencv_world330.dll); тЄюЁюх юяЁхфхыхэшх яЁюяє∙хэю
charuco.obj : warning LNK4006: "public: unsigned __int64 const & __cdecl cv::MatStep::operator[](int)const " (??AMatStep@cv@@QEBAAEB_KH@Z) єцх юяЁхфхыхэ т opencv_world330.lib(opencv_world330.dll); тЄюЁюх юяЁхфхыхэшх яЁюяє∙хэю
charuco.obj : warning LNK4006: "public: __cdecl cv::MatStep::MatStep(unsigned __int64)" (??0MatStep@cv@@QEAA@_K@Z) єцх юяЁхфхыхэ т opencv_world330.lib(opencv_world330.dll); тЄюЁюх юяЁхфхыхэшх яЁюяє∙хэю
charuco.obj : warning LNK4006: "public: __cdecl cv::MatStep::MatStep(void)" (??0MatStep@cv@@QEAA@XZ) єцх юяЁхфхыхэ т opencv_world330.lib(opencv_world330.dll); тЄюЁюх юяЁхфхыхэшх яЁюяє∙хэю
charuco.obj : warning LNK4006: "public: int const & __cdecl cv::MatSize::operator[](int)const " (??AMatSize@cv@@QEBAAEBHH@Z) єцх юяЁхфхыхэ т opencv_world330.lib(opencv_world330.dll); тЄюЁюх юяЁхфхыхэшх яЁюяє∙хэю
charuco.obj : warning LNK4006: "public: class cv::Size_<int> __cdecl cv::MatSize::operator()(void)const " (??RMatSize@cv@@QEBA?AV?$Size_@H@1@XZ) єцх юяЁхфхыхэ т opencv_world330.lib(opencv_world330.dll); тЄюЁюх юяЁхфхыхэшх яЁюяє∙хэю
charuco.obj : warning LNK4006: "public: __cdecl cv::MatSize::MatSize(int *)" (??0MatSize@cv@@QEAA@PEAH@Z) єцх юяЁхфхыхэ т opencv_world330.lib(opencv_world330.dll); тЄюЁюх юяЁхфхыхэшх яЁюяє∙хэю
charuco.obj : warning LNK4006: "public: class cv::Mat & __cdecl cv::Mat::operator=(class cv::Mat &&)" (??4Mat@cv@@QEAAAEAV01@$$QEAV01@@Z) єцх юяЁхфхыхэ т opencv_world330.lib(opencv_world330.dll); тЄюЁюх юяЁхфхыхэшх яЁюяє∙хэю
charuco.obj : warning LNK4006: "public: __cdecl cv::Mat::Mat(class cv::Mat &&)" (??0Mat@cv@@QEAA@$$QEAV01@@Z) єцх юяЁхфхыхэ т opencv_world330.lib(opencv_world330.dll); тЄюЁюх юяЁхфхыхэшх яЁюяє∙хэю
charuco.obj : warning LNK4006: "public: unsigned __int64 __cdecl cv::Mat::total(void)const " (?total@Mat@cv@@QEBA_KXZ) єцх юяЁхфхыхэ т opencv_world330.lib(opencv_world330.dll); тЄюЁюх юяЁхфхыхэшх яЁюяє∙хэю
charuco.obj : warning LNK4006: "public: int __cdecl cv::Mat::channels(void)const " (?channels@Mat@cv@@QEBAHXZ) єцх юяЁхфхыхэ т opencv_world330.lib(opencv_world330.dll); тЄюЁюх юяЁхфхыхэшх яЁюяє∙хэю
charuco.obj : warning LNK4006: "public: int __cdecl cv::Mat::type(void)const " (?type@Mat@cv@@QEBAHXZ) єцх юяЁхфхыхэ т opencv_world330.lib(opencv_world330.dll); тЄюЁюх юяЁхфхыхэшх яЁюяє∙хэю
charuco.obj : warning LNK4006: "public: bool __cdecl cv::Mat::isContinuous(void)const " (?isContinuous@Mat@cv@@QEBA_NXZ) єцх юяЁхфхыхэ т opencv_world330.lib(opencv_world330.dll); тЄюЁюх юяЁхфхыхэшх яЁюяє∙хэю
charuco.obj : warning LNK4006: "public: void __cdecl cv::Mat::release(void)" (?release@Mat@cv@@QEAAXXZ) єцх юяЁхфхыхэ т opencv_world330.lib(opencv_world330.dll); тЄюЁюх юяЁхфхыхэшх яЁюяє∙хэю
charuco.obj : warning LNK4006: "public: class cv::Mat __cdecl cv::Mat::colRange(int,int)const " (?colRange@Mat@cv@@QEBA?AV12@HH@Z) єцх юяЁхфхыхэ т opencv_world330.lib(opencv_world330.dll); тЄюЁюх юяЁхфхыхэшх яЁюяє∙хэю
charuco.obj : warning LNK4006: "public: class cv::Mat __cdecl cv::Mat::rowRange(int,int)const " (?rowRange@Mat@cv@@QEBA?AV12@HH@Z) єцх юяЁхфхыхэ т opencv_world330.lib(opencv_world330.dll); тЄюЁюх юяЁхфхыхэшх яЁюяє∙хэю
charuco.obj : warning LNK4006: "public: __cdecl cv::Mat::~Mat(void)" (??1Mat@cv@@QEAA@XZ) єцх юяЁхфхыхэ т opencv_world330.lib(opencv_world330.dll); тЄюЁюх юяЁхфхыхэшх яЁюяє∙хэю
charuco.obj : warning LNK4006: "public: __cdecl cv::Mat::Mat(int,int,int,void *,unsigned __int64)" (??0Mat@cv@@QEAA@HHHPEAX_K@Z) єцх юяЁхфхыхэ т opencv_world330.lib(opencv_world330.dll); тЄюЁюх юяЁхфхыхэшх яЁюяє∙хэю
charuco.obj : warning LNK4006: "public: __cdecl cv::Mat::Mat(class cv::Mat const &)" (??0Mat@cv@@QEAA@AEBV01@@Z) єцх юяЁхфхыхэ т opencv_world330.lib(opencv_world330.dll); тЄюЁюх юяЁхфхыхэшх яЁюяє∙хэю
charuco.obj : warning LNK4006: "public: __cdecl cv::Mat::Mat(void)" (??0Mat@cv@@QEAA@XZ) єцх юяЁхфхыхэ т opencv_world330.lib(opencv_world330.dll); тЄюЁюх юяЁхфхыхэшх яЁюяє∙хэю
charuco.obj : warning LNK4006: "public: __cdecl cv::_InputOutputArray::_InputOutputArray(class std::vector<class cv::Mat,class std::allocator<class cv::Mat> > &)" (??0_InputOutputArray@cv@@QEAA@AEAV?$vector@VMat@cv@@V?$allocator@VMat@cv@@@std@@@std@@@Z) єцх юяЁхфхыхэ т opencv_world330.lib(opencv_world330.dll); тЄюЁюх юяЁхфхыхэшх яЁюяє∙хэю
charuco.obj : warning LNK4006: "public: __cdecl cv::_OutputArray::~_OutputArray(void)" (??1_OutputArray@cv@@QEAA@XZ) єцх юяЁхфхыхэ т opencv_world330.lib(opencv_world330.dll); тЄюЁюх юяЁхфхыхэшх яЁюяє∙хэю
charuco.obj : warning LNK4006: "public: __cdecl cv::_OutputArray::_OutputArray(class cv::Mat &)" (??0_OutputArray@cv@@QEAA@AEAVMat@1@@Z) єцх юяЁхфхыхэ т opencv_world330.lib(opencv_world330.dll); тЄюЁюх юяЁхфхыхэшх яЁюяє∙хэю
charuco.obj : warning LNK4006: "public: __cdecl cv::_OutputArray::_OutputArray(void)" (??0_OutputArray@cv@@QEAA@XZ) єцх юяЁхфхыхэ т opencv_world330.lib(opencv_world330.dll); тЄюЁюх юяЁхфхыхэшх яЁюяє∙хэю
charuco.obj : warning LNK4006: "public: class cv::Mat __cdecl cv::_InputArray::getMat(int)const " (?getMat@_InputArray@cv@@QEBA?AVMat@2@H@Z) єцх юяЁхфхыхэ т opencv_world330.lib(opencv_world330.dll); тЄюЁюх юяЁхфхыхэшх яЁюяє∙хэю
charuco.obj : warning LNK4006: "public: __cdecl cv::_InputArray::~_InputArray(void)" (??1_InputArray@cv@@QEAA@XZ) єцх юяЁхфхыхэ т opencv_world330.lib(opencv_world330.dll); тЄюЁюх юяЁхфхыхэшх яЁюяє∙хэю
charuco.obj : warning LNK4006: "public: __cdecl cv::_InputArray::_InputArray(double const &)" (??0_InputArray@cv@@QEAA@AEBN@Z) єцх юяЁхфхыхэ т opencv_world330.lib(opencv_world330.dll); тЄюЁюх юяЁхфхыхэшх яЁюяє∙хэю
charuco.obj : warning LNK4006: "public: __cdecl cv::_InputArray::_InputArray(class std::vector<class cv::Mat,class std::allocator<class cv::Mat> > const &)" (??0_InputArray@cv@@QEAA@AEBV?$vector@VMat@cv@@V?$allocator@VMat@cv@@@std@@@std@@@Z) єцх юяЁхфхыхэ т opencv_world330.lib(opencv_world330.dll); тЄюЁюх юяЁхфхыхэшх яЁюяє∙хэю
charuco.obj : warning LNK4006: "public: __cdecl cv::_InputArray::_InputArray(class cv::Mat const &)" (??0_InputArray@cv@@QEAA@AEBVMat@1@@Z) єцх юяЁхфхыхэ т opencv_world330.lib(opencv_world330.dll); тЄюЁюх юяЁхфхыхэшх яЁюяє∙хэю
charuco.obj : warning LNK4006: "public: __cdecl cv::_InputArray::_InputArray(void)" (??0_InputArray@cv@@QEAA@XZ) єцх юяЁхфхыхэ т opencv_world330.lib(opencv_world330.dll); тЄюЁюх юяЁхфхыхэшх яЁюяє∙хэю
charuco.obj : warning LNK4006: "protected: void __cdecl cv::_InputArray::init(int,void const *,class cv::Size_<int>)" (?init@_InputArray@cv@@IEAAXHPEBXV?$Size_@H@2@@Z) єцх юяЁхфхыхэ т opencv_world330.lib(opencv_world330.dll); тЄюЁюх юяЁхфхыхэшх яЁюяє∙хэю
charuco.obj : warning LNK4006: "protected: void __cdecl cv::_InputArray::init(int,void const *)" (?init@_InputArray@cv@@IEAAXHPEBX@Z) єцх юяЁхфхыхэ т opencv_world330.lib(opencv_world330.dll); тЄюЁюх юяЁхфхыхэшх яЁюяє∙хэю
charuco.obj : warning LNK4006: "public: __cdecl cv::TermCriteria::TermCriteria(int,int,double)" (??0TermCriteria@cv@@QEAA@HHN@Z) єцх юяЁхфхыхэ т opencv_world330.lib(opencv_world330.dll); тЄюЁюх юяЁхфхыхэшх яЁюяє∙хэю
charuco.obj : warning LNK4006: "public: static class cv::Range __cdecl cv::Range::all(void)" (?all@Range@cv@@SA?AV12@XZ) єцх юяЁхфхыхэ т opencv_world330.lib(opencv_world330.dll); тЄюЁюх юяЁхфхыхэшх яЁюяє∙хэю
charuco.obj : warning LNK4006: "public: __cdecl cv::Range::Range(int,int)" (??0Range@cv@@QEAA@HH@Z) єцх юяЁхфхыхэ т opencv_world330.lib(opencv_world330.dll); тЄюЁюх юяЁхфхыхэшх яЁюяє∙хэю
charuco.obj : warning LNK4006: "public: __cdecl cv::String::~String(void)" (??1String@cv@@QEAA@XZ) єцх юяЁхфхыхэ т opencv_world330.lib(opencv_world330.dll); тЄюЁюх юяЁхфхыхэшх яЁюяє∙хэю
charuco.obj : warning LNK4006: "public: __cdecl cv::String::String(char const *)" (??0String@cv@@QEAA@PEBD@Z) єцх юяЁхфхыхэ т opencv_world330.lib(opencv_world330.dll); тЄюЁюх юяЁхфхыхэшх яЁюяє∙хэю
aruco.obj : warning LNK4006: "public: __cdecl cv::MatExpr::~MatExpr(void)" (??1MatExpr@cv@@QEAA@XZ) єцх юяЁхфхыхэ т opencv_world330.lib(opencv_world330.dll); тЄюЁюх юяЁхфхыхэшх яЁюяє∙хэю
aruco.obj : warning LNK4006: "public: __cdecl cv::_InputOutputArray::~_InputOutputArray(void)" (??1_InputOutputArray@cv@@QEAA@XZ) єцх юяЁхфхыхэ т opencv_world330.lib(opencv_world330.dll); тЄюЁюх юяЁхфхыхэшх яЁюяє∙хэю
aruco.obj : warning LNK4006: "public: __cdecl cv::ParallelLoopBody::ParallelLoopBody(void)" (??0ParallelLoopBody@cv@@QEAA@XZ) єцх юяЁхфхыхэ т opencv_world330.lib(opencv_world330.dll); тЄюЁюх юяЁхфхыхэшх яЁюяє∙хэю
aruco.obj : warning LNK4006: "public: __cdecl cv::String::String(class std::basic_string<char,struct std::char_traits<char>,class std::allocator<char> > const &)" (??0String@cv@@QEAA@AEBV?$basic_string@DU?$char_traits@D@std@@V?$allocator@D@2@@std@@@Z) єцх юяЁхфхыхэ т opencv_world330.lib(opencv_world330.dll); тЄюЁюх юяЁхфхыхэшх яЁюяє∙хэю
aruco.obj : warning LNK4006: "public: __cdecl cv::MatExpr::operator class cv::Mat(void)const " (??BMatExpr@cv@@QEBA?AVMat@1@XZ) єцх юяЁхфхыхэ т opencv_world330.lib(opencv_world330.dll); тЄюЁюх юяЁхфхыхэшх яЁюяє∙хэю
aruco.obj : warning LNK4006: "public: __cdecl cv::MatStep::operator unsigned __int64(void)const " (??BMatStep@cv@@QEBA_KXZ) єцх юяЁхфхыхэ т opencv_world330.lib(opencv_world330.dll); тЄюЁюх юяЁхфхыхэшх яЁюяє∙хэю
aruco.obj : warning LNK4006: "public: unsigned __int64 & __cdecl cv::MatStep::operator[](int)" (??AMatStep@cv@@QEAAAEA_KH@Z) єцх юяЁхфхыхэ т opencv_world330.lib(opencv_world330.dll); тЄюЁюх юяЁхфхыхэшх яЁюяє∙хэю
aruco.obj : warning LNK4006: "public: unsigned __int64 const & __cdecl cv::MatStep::operator[](int)const " (??AMatStep@cv@@QEBAAEB_KH@Z) єцх юяЁхфхыхэ т opencv_world330.lib(opencv_world330.dll); тЄюЁюх юяЁхфхыхэшх яЁюяє∙хэю
aruco.obj : warning LNK4006: "public: __cdecl cv::MatStep::MatStep(unsigned __int64)" (??0MatStep@cv@@QEAA@_K@Z) єцх юяЁхфхыхэ т opencv_world330.lib(opencv_world330.dll); тЄюЁюх юяЁхфхыхэшх яЁюяє∙хэю
aruco.obj : warning LNK4006: "public: __cdecl cv::MatStep::MatStep(void)" (??0MatStep@cv@@QEAA@XZ) єцх юяЁхфхыхэ т opencv_world330.lib(opencv_world330.dll); тЄюЁюх юяЁхфхыхэшх яЁюяє∙хэю
aruco.obj : warning LNK4006: "public: int const & __cdecl cv::MatSize::operator[](int)const " (??AMatSize@cv@@QEBAAEBHH@Z) єцх юяЁхфхыхэ т opencv_world330.lib(opencv_world330.dll); тЄюЁюх юяЁхфхыхэшх яЁюяє∙хэю
aruco.obj : warning LNK4006: "public: class cv::Size_<int> __cdecl cv::MatSize::operator()(void)const " (??RMatSize@cv@@QEBA?AV?$Size_@H@1@XZ) єцх юяЁхфхыхэ т opencv_world330.lib(opencv_world330.dll); тЄюЁюх юяЁхфхыхэшх яЁюяє∙хэю
aruco.obj : warning LNK4006: "public: __cdecl cv::MatSize::MatSize(int *)" (??0MatSize@cv@@QEAA@PEAH@Z) єцх юяЁхфхыхэ т opencv_world330.lib(opencv_world330.dll); тЄюЁюх юяЁхфхыхэшх яЁюяє∙хэю
aruco.obj : warning LNK4006: "public: class cv::Mat & __cdecl cv::Mat::operator=(class cv::Mat &&)" (??4Mat@cv@@QEAAAEAV01@$$QEAV01@@Z) єцх юяЁхфхыхэ т opencv_world330.lib(opencv_world330.dll); тЄюЁюх юяЁхфхыхэшх яЁюяє∙хэю
aruco.obj : warning LNK4006: "public: __cdecl cv::Mat::Mat(class cv::Mat &&)" (??0Mat@cv@@QEAA@$$QEAV01@@Z) єцх юяЁхфхыхэ т opencv_world330.lib(opencv_world330.dll); тЄюЁюх юяЁхфхыхэшх яЁюяє∙хэю
aruco.obj : warning LNK4006: "public: unsigned __int64 __cdecl cv::Mat::total(void)const " (?total@Mat@cv@@QEBA_KXZ) єцх юяЁхфхыхэ т opencv_world330.lib(opencv_world330.dll); тЄюЁюх юяЁхфхыхэшх яЁюяє∙хэю
aruco.obj : warning LNK4006: "public: bool __cdecl cv::Mat::empty(void)const " (?empty@Mat@cv@@QEBA_NXZ) єцх юяЁхфхыхэ т opencv_world330.lib(opencv_world330.dll); тЄюЁюх юяЁхфхыхэшх яЁюяє∙хэю
aruco.obj : warning LNK4006: "public: int __cdecl cv::Mat::channels(void)const " (?channels@Mat@cv@@QEBAHXZ) єцх юяЁхфхыхэ т opencv_world330.lib(opencv_world330.dll); тЄюЁюх юяЁхфхыхэшх яЁюяє∙хэю
aruco.obj : warning LNK4006: "public: int __cdecl cv::Mat::type(void)const " (?type@Mat@cv@@QEBAHXZ) єцх юяЁхфхыхэ т opencv_world330.lib(opencv_world330.dll); тЄюЁюх юяЁхфхыхэшх яЁюяє∙хэю
aruco.obj : warning LNK4006: "public: bool __cdecl cv::Mat::isContinuous(void)const " (?isContinuous@Mat@cv@@QEBA_NXZ) єцх юяЁхфхыхэ т opencv_world330.lib(opencv_world330.dll); тЄюЁюх юяЁхфхыхэшх яЁюяє∙хэю
aruco.obj : warning LNK4006: "public: class cv::Mat __cdecl cv::Mat::operator()(class cv::Rect_<int> const &)const " (??RMat@cv@@QEBA?AV01@AEBV?$Rect_@H@1@@Z) єцх юяЁхфхыхэ т opencv_world330.lib(opencv_world330.dll); тЄюЁюх юяЁхфхыхэшх яЁюяє∙хэю
aruco.obj : warning LNK4006: "public: void __cdecl cv::Mat::release(void)" (?release@Mat@cv@@QEAAXXZ) єцх юяЁхфхыхэ т opencv_world330.lib(opencv_world330.dll); тЄюЁюх юяЁхфхыхэшх яЁюяє∙хэю
aruco.obj : warning LNK4006: "public: void __cdecl cv::Mat::create(int,int,int)" (?create@Mat@cv@@QEAAXHHH@Z) єцх юяЁхфхыхэ т opencv_world330.lib(opencv_world330.dll); тЄюЁюх юяЁхфхыхэшх яЁюяє∙хэю
aruco.obj : warning LNK4006: "public: class cv::Mat __cdecl cv::Mat::clone(void)const " (?clone@Mat@cv@@QEBA?AV12@XZ) єцх юяЁхфхыхэ т opencv_world330.lib(opencv_world330.dll); тЄюЁюх юяЁхфхыхэшх яЁюяє∙хэю
aruco.obj : warning LNK4006: "public: class cv::Mat __cdecl cv::Mat::colRange(int,int)const " (?colRange@Mat@cv@@QEBA?AV12@HH@Z) єцх юяЁхфхыхэ т opencv_world330.lib(opencv_world330.dll); тЄюЁюх юяЁхфхыхэшх яЁюяє∙хэю
aruco.obj : warning LNK4006: "public: class cv::Mat __cdecl cv::Mat::rowRange(int,int)const " (?rowRange@Mat@cv@@QEBA?AV12@HH@Z) єцх юяЁхфхыхэ т opencv_world330.lib(opencv_world330.dll); тЄюЁюх юяЁхфхыхэшх яЁюяє∙хэю
aruco.obj : warning LNK4006: "public: class cv::Mat & __cdecl cv::Mat::operator=(class cv::Mat const &)" (??4Mat@cv@@QEAAAEAV01@AEBV01@@Z) єцх юяЁхфхыхэ т opencv_world330.lib(opencv_world330.dll); тЄюЁюх юяЁхфхыхэшх яЁюяє∙хэю
aruco.obj : warning LNK4006: "public: __cdecl cv::Mat::~Mat(void)" (??1Mat@cv@@QEAA@XZ) єцх юяЁхфхыхэ т opencv_world330.lib(opencv_world330.dll); тЄюЁюх юяЁхфхыхэшх яЁюяє∙хэю
aruco.obj : warning LNK4006: "public: __cdecl cv::Mat::Mat(int,int,int,void *,unsigned __int64)" (??0Mat@cv@@QEAA@HHHPEAX_K@Z) єцх юяЁхфхыхэ т opencv_world330.lib(opencv_world330.dll); тЄюЁюх юяЁхфхыхэшх яЁюяє∙хэю
aruco.obj : warning LNK4006: "public: __cdecl cv::Mat::Mat(class cv::Mat const &)" (??0Mat@cv@@QEAA@AEBV01@@Z) єцх юяЁхфхыхэ т opencv_world330.lib(opencv_world330.dll); тЄюЁюх юяЁхфхыхэшх яЁюяє∙хэю
aruco.obj : warning LNK4006: "public: __cdecl cv::Mat::Mat(int,int,int,class cv::Scalar_<double> const &)" (??0Mat@cv@@QEAA@HHHAEBV?$Scalar_@N@1@@Z) єцх юяЁхфхыхэ т opencv_world330.lib(opencv_world330.dll); тЄюЁюх юяЁхфхыхэшх яЁюяє∙хэю
aruco.obj : warning LNK4006: "public: __cdecl cv::Mat::Mat(int,int,int)" (??0Mat@cv@@QEAA@HHH@Z) єцх юяЁхфхыхэ т opencv_world330.lib(opencv_world330.dll); тЄюЁюх юяЁхфхыхэшх яЁюяє∙хэю
aruco.obj : warning LNK4006: "public: __cdecl cv::Mat::Mat(void)" (??0Mat@cv@@QEAA@XZ) єцх юяЁхфхыхэ т opencv_world330.lib(opencv_world330.dll); тЄюЁюх юяЁхфхыхэшх яЁюяє∙хэю
aruco.obj : warning LNK4006: "public: __cdecl cv::_InputOutputArray::_InputOutputArray(class cv::Mat const &)" (??0_InputOutputArray@cv@@QEAA@AEBVMat@1@@Z) єцх юяЁхфхыхэ т opencv_world330.lib(opencv_world330.dll); тЄюЁюх юяЁхфхыхэшх яЁюяє∙хэю
aruco.obj : warning LNK4006: "public: __cdecl cv::_InputOutputArray::_InputOutputArray(class cv::Mat &)" (??0_InputOutputArray@cv@@QEAA@AEAVMat@1@@Z) єцх юяЁхфхыхэ т opencv_world330.lib(opencv_world330.dll); тЄюЁюх юяЁхфхыхэшх яЁюяє∙хэю
aruco.obj : warning LNK4006: "public: __cdecl cv::_OutputArray::~_OutputArray(void)" (??1_OutputArray@cv@@QEAA@XZ) єцх юяЁхфхыхэ т opencv_world330.lib(opencv_world330.dll); тЄюЁюх юяЁхфхыхэшх яЁюяє∙хэю
aruco.obj : warning LNK4006: "public: __cdecl cv::_OutputArray::_OutputArray(class cv::Mat const &)" (??0_OutputArray@cv@@QEAA@AEBVMat@1@@Z) єцх юяЁхфхыхэ т opencv_world330.lib(opencv_world330.dll); тЄюЁюх юяЁхфхыхэшх яЁюяє∙хэю
aruco.obj : warning LNK4006: "public: __cdecl cv::_OutputArray::_OutputArray(class cv::UMat &)" (??0_OutputArray@cv@@QEAA@AEAVUMat@1@@Z) єцх юяЁхфхыхэ т opencv_world330.lib(opencv_world330.dll); тЄюЁюх юяЁхфхыхэшх яЁюяє∙хэю
aruco.obj : warning LNK4006: "public: __cdecl cv::_OutputArray::_OutputArray(class cv::Mat &)" (??0_OutputArray@cv@@QEAA@AEAVMat@1@@Z) єцх юяЁхфхыхэ т opencv_world330.lib(opencv_world330.dll); тЄюЁюх юяЁхфхыхэшх яЁюяє∙хэю
aruco.obj : warning LNK4006: "public: __cdecl cv::_OutputArray::_OutputArray(void)" (??0_OutputArray@cv@@QEAA@XZ) єцх юяЁхфхыхэ т opencv_world330.lib(opencv_world330.dll); тЄюЁюх юяЁхфхыхэшх яЁюяє∙хэю
aruco.obj : warning LNK4006: "public: bool __cdecl cv::_InputArray::isUMatVector(void)const " (?isUMatVector@_InputArray@cv@@QEBA_NXZ) єцх юяЁхфхыхэ т opencv_world330.lib(opencv_world330.dll); тЄюЁюх юяЁхфхыхэшх яЁюяє∙хэю
aruco.obj : warning LNK4006: "public: bool __cdecl cv::_InputArray::isMatVector(void)const " (?isMatVector@_InputArray@cv@@QEBA_NXZ) єцх юяЁхфхыхэ т opencv_world330.lib(opencv_world330.dll); тЄюЁюх юяЁхфхыхэшх яЁюяє∙хэю
aruco.obj : warning LNK4006: "public: class cv::Mat __cdecl cv::_InputArray::getMat(int)const " (?getMat@_InputArray@cv@@QEBA?AVMat@2@H@Z) єцх юяЁхфхыхэ т opencv_world330.lib(opencv_world330.dll); тЄюЁюх юяЁхфхыхэшх яЁюяє∙хэю
aruco.obj : warning LNK4006: "public: __cdecl cv::_InputArray::~_InputArray(void)" (??1_InputArray@cv@@QEAA@XZ) єцх юяЁхфхыхэ т opencv_world330.lib(opencv_world330.dll); тЄюЁюх юяЁхфхыхэшх яЁюяє∙хэю
aruco.obj : warning LNK4006: "public: __cdecl cv::_InputArray::_InputArray(double const &)" (??0_InputArray@cv@@QEAA@AEBN@Z) єцх юяЁхфхыхэ т opencv_world330.lib(opencv_world330.dll); тЄюЁюх юяЁхфхыхэшх яЁюяє∙хэю
aruco.obj : warning LNK4006: "public: __cdecl cv::_InputArray::_InputArray(class std::vector<class cv::Mat,class std::allocator<class cv::Mat> > const &)" (??0_InputArray@cv@@QEAA@AEBV?$vector@VMat@cv@@V?$allocator@VMat@cv@@@std@@@std@@@Z) єцх юяЁхфхыхэ т opencv_world330.lib(opencv_world330.dll); тЄюЁюх юяЁхфхыхэшх яЁюяє∙хэю
aruco.obj : warning LNK4006: "public: __cdecl cv::_InputArray::_InputArray(class cv::Mat const &)" (??0_InputArray@cv@@QEAA@AEBVMat@1@@Z) єцх юяЁхфхыхэ т opencv_world330.lib(opencv_world330.dll); тЄюЁюх юяЁхфхыхэшх яЁюяє∙хэю
aruco.obj : warning LNK4006: "public: __cdecl cv::_InputArray::_InputArray(void)" (??0_InputArray@cv@@QEAA@XZ) єцх юяЁхфхыхэ т opencv_world330.lib(opencv_world330.dll); тЄюЁюх юяЁхфхыхэшх яЁюяє∙хэю
aruco.obj : warning LNK4006: "protected: void __cdecl cv::_InputArray::init(int,void const *,class cv::Size_<int>)" (?init@_InputArray@cv@@IEAAXHPEBXV?$Size_@H@2@@Z) єцх юяЁхфхыхэ т opencv_world330.lib(opencv_world330.dll); тЄюЁюх юяЁхфхыхэшх яЁюяє∙хэю
aruco.obj : warning LNK4006: "protected: void __cdecl cv::_InputArray::init(int,void const *)" (?init@_InputArray@cv@@IEAAXHPEBX@Z) єцх юяЁхфхыхэ т opencv_world330.lib(opencv_world330.dll); тЄюЁюх юяЁхфхыхэшх яЁюяє∙хэю
aruco.obj : warning LNK4006: "public: __cdecl cv::TermCriteria::TermCriteria(int,int,double)" (??0TermCriteria@cv@@QEAA@HHN@Z) єцх юяЁхфхыхэ т opencv_world330.lib(opencv_world330.dll); тЄюЁюх юяЁхфхыхэшх яЁюяє∙хэю
aruco.obj : warning LNK4006: "public: static class cv::Range __cdecl cv::Range::all(void)" (?all@Range@cv@@SA?AV12@XZ) єцх юяЁхфхыхэ т opencv_world330.lib(opencv_world330.dll); тЄюЁюх юяЁхфхыхэшх яЁюяє∙хэю
aruco.obj : warning LNK4006: "public: __cdecl cv::Range::Range(int,int)" (??0Range@cv@@QEAA@HH@Z) єцх юяЁхфхыхэ т opencv_world330.lib(opencv_world330.dll); тЄюЁюх юяЁхфхыхэшх яЁюяє∙хэю
aruco.obj : warning LNK4006: "public: __cdecl cv::String::~String(void)" (??1String@cv@@QEAA@XZ) єцх юяЁхфхыхэ т opencv_world330.lib(opencv_world330.dll); тЄюЁюх юяЁхфхыхэшх яЁюяє∙хэю
aruco.obj : warning LNK4006: "public: __cdecl cv::String::String(char const *)" (??0String@cv@@QEAA@PEBD@Z) єцх юяЁхфхыхэ т opencv_world330.lib(opencv_world330.dll); тЄюЁюх юяЁхфхыхэшх яЁюяє∙хэю
apriltag_quad_thresh.obj : warning LNK4006: "public: __cdecl cv::MatStep::operator unsigned __int64(void)const " (??BMatStep@cv@@QEBA_KXZ) єцх юяЁхфхыхэ т opencv_world330.lib(opencv_world330.dll); тЄюЁюх юяЁхфхыхэшх яЁюяє∙хэю
apriltag_quad_thresh.obj : warning LNK4006: "public: unsigned __int64 & __cdecl cv::MatStep::operator[](int)" (??AMatStep@cv@@QEAAAEA_KH@Z) єцх юяЁхфхыхэ т opencv_world330.lib(opencv_world330.dll); тЄюЁюх юяЁхфхыхэшх яЁюяє∙хэю
apriltag_quad_thresh.obj : warning LNK4006: "public: unsigned __int64 const & __cdecl cv::MatStep::operator[](int)const " (??AMatStep@cv@@QEBAAEB_KH@Z) єцх юяЁхфхыхэ т opencv_world330.lib(opencv_world330.dll); тЄюЁюх юяЁхфхыхэшх яЁюяє∙хэю
apriltag_quad_thresh.obj : warning LNK4006: "public: __cdecl cv::MatStep::MatStep(unsigned __int64)" (??0MatStep@cv@@QEAA@_K@Z) єцх юяЁхфхыхэ т opencv_world330.lib(opencv_world330.dll); тЄюЁюх юяЁхфхыхэшх яЁюяє∙хэю
apriltag_quad_thresh.obj : warning LNK4006: "public: int const & __cdecl cv::MatSize::operator[](int)const " (??AMatSize@cv@@QEBAAEBHH@Z) єцх юяЁхфхыхэ т opencv_world330.lib(opencv_world330.dll); тЄюЁюх юяЁхфхыхэшх яЁюяє∙хэю
apriltag_quad_thresh.obj : warning LNK4006: "public: __cdecl cv::MatSize::MatSize(int *)" (??0MatSize@cv@@QEAA@PEAH@Z) єцх юяЁхфхыхэ т opencv_world330.lib(opencv_world330.dll); тЄюЁюх юяЁхфхыхэшх яЁюяє∙хэю
apriltag_quad_thresh.obj : warning LNK4006: "public: unsigned __int64 __cdecl cv::Mat::total(void)const " (?total@Mat@cv@@QEBA_KXZ) єцх юяЁхфхыхэ т opencv_world330.lib(opencv_world330.dll); тЄюЁюх юяЁхфхыхэшх яЁюяє∙хэю
apriltag_quad_thresh.obj : warning LNK4006: "public: bool __cdecl cv::Mat::empty(void)const " (?empty@Mat@cv@@QEBA_NXZ) єцх юяЁхфхыхэ т opencv_world330.lib(opencv_world330.dll); тЄюЁюх юяЁхфхыхэшх яЁюяє∙хэю
apriltag_quad_thresh.obj : warning LNK4006: "public: int __cdecl cv::Mat::type(void)const " (?type@Mat@cv@@QEBAHXZ) єцх юяЁхфхыхэ т opencv_world330.lib(opencv_world330.dll); тЄюЁюх юяЁхфхыхэшх яЁюяє∙хэю
apriltag_quad_thresh.obj : warning LNK4006: "public: void __cdecl cv::Mat::release(void)" (?release@Mat@cv@@QEAAXXZ) єцх юяЁхфхыхэ т opencv_world330.lib(opencv_world330.dll); тЄюЁюх юяЁхфхыхэшх яЁюяє∙хэю
apriltag_quad_thresh.obj : warning LNK4006: "public: void __cdecl cv::Mat::create(int,int,int)" (?create@Mat@cv@@QEAAXHHH@Z) єцх юяЁхфхыхэ т opencv_world330.lib(opencv_world330.dll); тЄюЁюх юяЁхфхыхэшх яЁюяє∙хэю
apriltag_quad_thresh.obj : warning LNK4006: "public: __cdecl cv::Mat::~Mat(void)" (??1Mat@cv@@QEAA@XZ) єцх юяЁхфхыхэ т opencv_world330.lib(opencv_world330.dll); тЄюЁюх юяЁхфхыхэшх яЁюяє∙хэю
apriltag_quad_thresh.obj : warning LNK4006: "public: __cdecl cv::Mat::Mat(class cv::Mat const &)" (??0Mat@cv@@QEAA@AEBV01@@Z) єцх юяЁхфхыхэ т opencv_world330.lib(opencv_world330.dll); тЄюЁюх юяЁхфхыхэшх яЁюяє∙хэю
apriltag_quad_thresh.obj : warning LNK4006: "public: __cdecl cv::Mat::Mat(int,int,int)" (??0Mat@cv@@QEAA@HHH@Z) єцх юяЁхфхыхэ т opencv_world330.lib(opencv_world330.dll); тЄюЁюх юяЁхфхыхэшх яЁюяє∙хэю
apriltag_quad_thresh.obj : warning LNK4006: "public: __cdecl cv::String::~String(void)" (??1String@cv@@QEAA@XZ) єцх юяЁхфхыхэ т opencv_world330.lib(opencv_world330.dll); тЄюЁюх юяЁхфхыхэшх яЁюяє∙хэю
apriltag_quad_thresh.obj : warning LNK4006: "public: __cdecl cv::String::String(char const *)" (??0String@cv@@QEAA@PEBD@Z) єцх юяЁхфхыхэ т opencv_world330.lib(opencv_world330.dll); тЄюЁюх юяЁхфхыхэшх яЁюяє∙хэю
  Aruco1.vcxproj -> D:\task_opencv\x64\Release\Aruco.lib
