d:\task_opencv\consoleapplication17\x64\debug\vc140.pdb
d:\task_opencv\consoleapplication17\x64\debug\vc140.idb
d:\task_opencv\consoleapplication17\x64\debug\apriltag_quad_thresh.obj
d:\task_opencv\consoleapplication17\x64\debug\aruco.obj
d:\task_opencv\consoleapplication17\x64\debug\charuco.obj
d:\task_opencv\consoleapplication17\x64\debug\dictionary.obj
d:\task_opencv\consoleapplication17\x64\debug\zmaxheap.obj
d:\task_opencv\consoleapplication17\x64\debug\calibration.obj
d:\task_opencv\consoleapplication17\x64\debug\icalib.obj
d:\task_opencv\consoleapplication17\x64\debug\main.obj
d:\task_opencv\consoleapplication17\x64\debug\ar.obj
d:\task_opencv\consoleapplication17\x64\debug\source_old.obj
d:\task_opencv\x64\debug\consoleapplication17.ilk
d:\task_opencv\x64\debug\consoleapplication17.exe
d:\task_opencv\x64\debug\consoleapplication17.pdb
d:\task_opencv\consoleapplication17\x64\debug\consolea.8404d900.tlog\cl.command.1.tlog
d:\task_opencv\consoleapplication17\x64\debug\consolea.8404d900.tlog\cl.read.1.tlog
d:\task_opencv\consoleapplication17\x64\debug\consolea.8404d900.tlog\cl.write.1.tlog
d:\task_opencv\consoleapplication17\x64\debug\consolea.8404d900.tlog\link-cvtres.read.1.tlog
d:\task_opencv\consoleapplication17\x64\debug\consolea.8404d900.tlog\link-cvtres.write.1.tlog
d:\task_opencv\consoleapplication17\x64\debug\consolea.8404d900.tlog\link-rc.read.1.tlog
d:\task_opencv\consoleapplication17\x64\debug\consolea.8404d900.tlog\link-rc.write.1.tlog
d:\task_opencv\consoleapplication17\x64\debug\consolea.8404d900.tlog\link.2028.read.1.tlog
d:\task_opencv\consoleapplication17\x64\debug\consolea.8404d900.tlog\link.2028.write.1.tlog
d:\task_opencv\consoleapplication17\x64\debug\consolea.8404d900.tlog\link.4428.read.1.tlog
d:\task_opencv\consoleapplication17\x64\debug\consolea.8404d900.tlog\link.4428.write.1.tlog
d:\task_opencv\consoleapplication17\x64\debug\consolea.8404d900.tlog\link.4864.read.1.tlog
d:\task_opencv\consoleapplication17\x64\debug\consolea.8404d900.tlog\link.4864.write.1.tlog
d:\task_opencv\consoleapplication17\x64\debug\consolea.8404d900.tlog\link.6972-cvtres.read.1.tlog
d:\task_opencv\consoleapplication17\x64\debug\consolea.8404d900.tlog\link.6972-cvtres.write.1.tlog
d:\task_opencv\consoleapplication17\x64\debug\consolea.8404d900.tlog\link.6972-rc.read.1.tlog
d:\task_opencv\consoleapplication17\x64\debug\consolea.8404d900.tlog\link.6972-rc.write.1.tlog
d:\task_opencv\consoleapplication17\x64\debug\consolea.8404d900.tlog\link.6972.read.1.tlog
d:\task_opencv\consoleapplication17\x64\debug\consolea.8404d900.tlog\link.6972.write.1.tlog
d:\task_opencv\consoleapplication17\x64\debug\consolea.8404d900.tlog\link.7396.read.1.tlog
d:\task_opencv\consoleapplication17\x64\debug\consolea.8404d900.tlog\link.7396.write.1.tlog
d:\task_opencv\consoleapplication17\x64\debug\consolea.8404d900.tlog\link.8148.read.1.tlog
d:\task_opencv\consoleapplication17\x64\debug\consolea.8404d900.tlog\link.8148.write.1.tlog
d:\task_opencv\consoleapplication17\x64\debug\consolea.8404d900.tlog\link.command.1.tlog
d:\task_opencv\consoleapplication17\x64\debug\consolea.8404d900.tlog\link.read.1.tlog
d:\task_opencv\consoleapplication17\x64\debug\consolea.8404d900.tlog\link.write.1.tlog
